<?xml version="1.0" encoding="UTF-8"?>
<!-- Generated by org.testng.reporters.JUnitReportReporter -->
<testsuite hostname="rashmi-PC" name="ran.ras" tests="8" failures="0" timestamp="15 Sep 2018 10:24:04 GMT" time="0.012" errors="0">
  <testcase name="testMethodOne" time="0.000" classname="ran.ras"/>
  <testcase name="testMethodTwo" time="0.001" classname="ran.ras"/>
  <testcase name="testMethodFour" time="0.001" classname="ran.ras"/>
  <testcase name="testMethodFour" time="0.008" classname="ran.ras"/>
  <testcase name="testMethodOne" time="0.001" classname="ran.ras"/>
  <testcase name="testMethodThree" time="0.000" classname="ran.ras"/>
  <testcase name="testMethodThree" time="0.000" classname="ran.ras"/>
  <testcase name="testMethodTwo" time="0.001" classname="ran.ras"/>
</testsuite>
